app/build/outputs/apk/manifest-merger-debug-report.txt
-- Merging decision tree log ---
manifest
ADDED from AndroidManifest.xml:2:1
	package
		ADDED from AndroidManifest.xml:3:5
		INJECTED from AndroidManifest.xml:0:0
		INJECTED from AndroidManifest.xml:0:0
	android:versionName
		INJECTED from AndroidManifest.xml:0:0
		INJECTED from AndroidManifest.xml:0:0
	xmlns:android
		ADDED from AndroidManifest.xml:2:11
	android:versionCode
		INJECTED from AndroidManifest.xml:0:0
		INJECTED from AndroidManifest.xml:0:0
application
ADDED from AndroidManifest.xml:5:5
MERGED from com.android.support:appcompat-v7:21.0.3:16:5
MERGED from com.android.support:support-v4:21.0.3:16:5
MERGED from EmpaTesting:empalink-1.4:unspecified:19:5
	android:label
		ADDED from AndroidManifest.xml:8:9
	android:allowBackup
		ADDED from AndroidManifest.xml:6:9
	android:icon
		ADDED from AndroidManifest.xml:7:9
	android:theme
		ADDED from AndroidManifest.xml:9:9
activity#com.example.panzer.empatesting.MainActivity
ADDED from AndroidManifest.xml:10:9
	android:label
		ADDED from AndroidManifest.xml:12:13
	android:name
		ADDED from AndroidManifest.xml:11:13
intent-filter#android.intent.action.MAIN+android.intent.category.LAUNCHER
ADDED from AndroidManifest.xml:13:13
action#android.intent.action.MAIN
ADDED from AndroidManifest.xml:14:17
	android:name
		ADDED from AndroidManifest.xml:14:25
category#android.intent.category.LAUNCHER
ADDED from AndroidManifest.xml:16:17
	android:name
		ADDED from AndroidManifest.xml:16:27
uses-sdk
INJECTED from AndroidManifest.xml:0:0 reason: use-sdk injection requested
MERGED from com.android.support:appcompat-v7:21.0.3:15:5
MERGED from com.android.support:support-v4:21.0.3:15:5
MERGED from EmpaTesting:empalink-1.4:unspecified:7:5
	android:targetSdkVersion
		INJECTED from AndroidManifest.xml:0:0
		INJECTED from AndroidManifest.xml:0:0
	android:minSdkVersion
		INJECTED from AndroidManifest.xml:0:0
		INJECTED from AndroidManifest.xml:0:0
uses-permission#android.permission.BLUETOOTH
ADDED from EmpaTesting:empalink-1.4:unspecified:11:5
	android:name
		ADDED from EmpaTesting:empalink-1.4:unspecified:11:22
uses-permission#android.permission.BLUETOOTH_ADMIN
ADDED from EmpaTesting:empalink-1.4:unspecified:12:5
	android:name
		ADDED from EmpaTesting:empalink-1.4:unspecified:12:22
uses-permission#android.permission.INTERNET
ADDED from EmpaTesting:empalink-1.4:unspecified:13:5
	android:name
		ADDED from EmpaTesting:empalink-1.4:unspecified:13:22
uses-feature#android.hardware.bluetooth_le
ADDED from EmpaTesting:empalink-1.4:unspecified:15:5
	android:required
		ADDED from EmpaTesting:empalink-1.4:unspecified:17:9
	android:name
		ADDED from EmpaTesting:empalink-1.4:unspecified:16:9
service#com.empatica.empalink.EmpaLinkBLE
ADDED from EmpaTesting:empalink-1.4:unspecified:24:9
	android:name
		ADDED from EmpaTesting:empalink-1.4:unspecified:24:18